====================================
Types potentially sent from browser:
====================================

Reachable types computed on: Mon Oct 04 15:12:12 EDT 2010
com.google.gwt.user.client.rpc.IncompatibleRemoteServiceException
   Serialization status
      Instantiable
   Path
      Started from 'com.google.gwt.user.client.rpc.IncompatibleRemoteServiceException'

java.lang.Exception
   Serialization status
      Field serializable
   Path
      'java.lang.Exception' is reachable as a supertype of type 'class java.lang.RuntimeException'
      'java.lang.RuntimeException' is reachable as a supertype of type 'class com.google.gwt.user.client.rpc.IncompatibleRemoteServiceException'
      'com.google.gwt.user.client.rpc.IncompatibleRemoteServiceException' is reachable as a subtype of type 'class com.google.gwt.user.client.rpc.IncompatibleRemoteServiceException'
      Started from 'com.google.gwt.user.client.rpc.IncompatibleRemoteServiceException'

java.lang.RuntimeException
   Serialization status
      Field serializable
   Path
      'java.lang.RuntimeException' is reachable as a supertype of type 'class com.google.gwt.user.client.rpc.IncompatibleRemoteServiceException'
      'com.google.gwt.user.client.rpc.IncompatibleRemoteServiceException' is reachable as a subtype of type 'class com.google.gwt.user.client.rpc.IncompatibleRemoteServiceException'
      Started from 'com.google.gwt.user.client.rpc.IncompatibleRemoteServiceException'

java.lang.String
   Serialization status
      Instantiable
   Path
      Started from 'java.lang.String'

java.lang.Throwable
   Serialization status
      Field serializable
   Path
      'java.lang.Throwable' is reachable as a supertype of type 'class java.lang.Exception'
      'java.lang.Exception' is reachable as a supertype of type 'class java.lang.RuntimeException'
      'java.lang.RuntimeException' is reachable as a supertype of type 'class com.google.gwt.user.client.rpc.IncompatibleRemoteServiceException'
      'com.google.gwt.user.client.rpc.IncompatibleRemoteServiceException' is reachable as a subtype of type 'class com.google.gwt.user.client.rpc.IncompatibleRemoteServiceException'
      Started from 'com.google.gwt.user.client.rpc.IncompatibleRemoteServiceException'

===================================
Types potentially sent from server:
===================================

Reachable types computed on: Mon Oct 04 15:12:12 EDT 2010
E
   Serialization status
      Not serializable
   Path
      'E' is reachable from field 'exposeElement' of type 'java.util.Vector<E>'
      'java.util.Vector<com.gogwt.app.booking.dto.dataObjects.common.PopulatorItem>' is reachable as a supertype of type 'class java.util.Stack<com.gogwt.app.booking.dto.dataObjects.common.PopulatorItem>'
      'java.util.Stack<com.gogwt.app.booking.dto.dataObjects.common.PopulatorItem>' is reachable as a subtype of type 'interface java.util.List<com.gogwt.app.booking.dto.dataObjects.common.PopulatorItem>'
      'java.util.List<com.gogwt.app.booking.dto.dataObjects.common.PopulatorItem>' is reachable from type argument 1 of type 'java.util.HashMap<K, V>'
      'java.util.HashMap<java.lang.String, java.util.List<com.gogwt.app.booking.dto.dataObjects.common.PopulatorItem>>' is reachable as a subtype of type 'interface java.util.Map<java.lang.String, java.util.List<com.gogwt.app.booking.dto.dataObjects.common.PopulatorItem>>'
      Started from 'java.util.Map<java.lang.String, java.util.List<com.gogwt.app.booking.dto.dataObjects.common.PopulatorItem>>'

E
   Serialization status
      Not serializable
   Path
      'E' is reachable from field 'exposeElement' of type 'java.util.LinkedList<E>'
      'java.util.LinkedList<com.gogwt.app.booking.dto.dataObjects.common.PopulatorItem>' is reachable as a subtype of type 'interface java.util.List<com.gogwt.app.booking.dto.dataObjects.common.PopulatorItem>'
      'java.util.List<com.gogwt.app.booking.dto.dataObjects.common.PopulatorItem>' is reachable from type argument 1 of type 'java.util.HashMap<K, V>'
      'java.util.HashMap<java.lang.String, java.util.List<com.gogwt.app.booking.dto.dataObjects.common.PopulatorItem>>' is reachable as a subtype of type 'interface java.util.Map<java.lang.String, java.util.List<com.gogwt.app.booking.dto.dataObjects.common.PopulatorItem>>'
      Started from 'java.util.Map<java.lang.String, java.util.List<com.gogwt.app.booking.dto.dataObjects.common.PopulatorItem>>'

E
   Serialization status
      Not serializable
   Path
      'E' is reachable from field 'exposeElement' of type 'java.util.ArrayList<E>'
      'java.util.ArrayList<com.gogwt.app.booking.dto.dataObjects.common.PopulatorItem>' is reachable as a subtype of type 'interface java.util.List<com.gogwt.app.booking.dto.dataObjects.common.PopulatorItem>'
      'java.util.List<com.gogwt.app.booking.dto.dataObjects.common.PopulatorItem>' is reachable from type argument 1 of type 'java.util.HashMap<K, V>'
      'java.util.HashMap<java.lang.String, java.util.List<com.gogwt.app.booking.dto.dataObjects.common.PopulatorItem>>' is reachable as a subtype of type 'interface java.util.Map<java.lang.String, java.util.List<com.gogwt.app.booking.dto.dataObjects.common.PopulatorItem>>'
      Started from 'java.util.Map<java.lang.String, java.util.List<com.gogwt.app.booking.dto.dataObjects.common.PopulatorItem>>'

E[]
   Serialization status
      Not serializable
   Path
      'E[]' is reachable from field 'array' of type 'java.util.Arrays.ArrayList<E>'
      'java.util.Arrays.ArrayList<com.gogwt.app.booking.dto.dataObjects.common.PopulatorItem>' is reachable as a subtype of type 'interface java.util.List<com.gogwt.app.booking.dto.dataObjects.common.PopulatorItem>'
      'java.util.List<com.gogwt.app.booking.dto.dataObjects.common.PopulatorItem>' is reachable from type argument 1 of type 'java.util.HashMap<K, V>'
      'java.util.HashMap<java.lang.String, java.util.List<com.gogwt.app.booking.dto.dataObjects.common.PopulatorItem>>' is reachable as a subtype of type 'interface java.util.Map<java.lang.String, java.util.List<com.gogwt.app.booking.dto.dataObjects.common.PopulatorItem>>'
      Started from 'java.util.Map<java.lang.String, java.util.List<com.gogwt.app.booking.dto.dataObjects.common.PopulatorItem>>'

K
   Serialization status
      Not serializable
   Path
      'K' is reachable from field 'exposeKey' of type 'java.util.HashMap<K, V>'
      'java.util.HashMap<java.lang.String, java.util.List<com.gogwt.app.booking.dto.dataObjects.common.PopulatorItem>>' is reachable as a subtype of type 'interface java.util.Map<java.lang.String, java.util.List<com.gogwt.app.booking.dto.dataObjects.common.PopulatorItem>>'
      Started from 'java.util.Map<java.lang.String, java.util.List<com.gogwt.app.booking.dto.dataObjects.common.PopulatorItem>>'

K
   Serialization status
      Not serializable
   Path
      'K' is reachable from field 'exposeKey' of type 'java.util.IdentityHashMap<K, V>'
      'java.util.IdentityHashMap<java.lang.String, java.util.List<com.gogwt.app.booking.dto.dataObjects.common.PopulatorItem>>' is reachable as a subtype of type 'interface java.util.Map<java.lang.String, java.util.List<com.gogwt.app.booking.dto.dataObjects.common.PopulatorItem>>'
      Started from 'java.util.Map<java.lang.String, java.util.List<com.gogwt.app.booking.dto.dataObjects.common.PopulatorItem>>'

K
   Serialization status
      Not serializable
   Path
      'K' is reachable from field 'exposeKeyType' of type 'java.util.TreeMap<K, V>'
      'java.util.TreeMap<java.lang.String, java.util.List<com.gogwt.app.booking.dto.dataObjects.common.PopulatorItem>>' is reachable as a subtype of type 'interface java.util.Map<java.lang.String, java.util.List<com.gogwt.app.booking.dto.dataObjects.common.PopulatorItem>>'
      Started from 'java.util.Map<java.lang.String, java.util.List<com.gogwt.app.booking.dto.dataObjects.common.PopulatorItem>>'

V
   Serialization status
      Not serializable
   Path
      'V' is reachable from field 'exposeValueType' of type 'java.util.TreeMap<K, V>'
      'java.util.TreeMap<java.lang.String, java.util.List<com.gogwt.app.booking.dto.dataObjects.common.PopulatorItem>>' is reachable as a subtype of type 'interface java.util.Map<java.lang.String, java.util.List<com.gogwt.app.booking.dto.dataObjects.common.PopulatorItem>>'
      Started from 'java.util.Map<java.lang.String, java.util.List<com.gogwt.app.booking.dto.dataObjects.common.PopulatorItem>>'

V
   Serialization status
      Not serializable
   Path
      'V' is reachable from field 'exposeValue' of type 'java.util.HashMap<K, V>'
      'java.util.HashMap<java.lang.String, java.util.List<com.gogwt.app.booking.dto.dataObjects.common.PopulatorItem>>' is reachable as a subtype of type 'interface java.util.Map<java.lang.String, java.util.List<com.gogwt.app.booking.dto.dataObjects.common.PopulatorItem>>'
      Started from 'java.util.Map<java.lang.String, java.util.List<com.gogwt.app.booking.dto.dataObjects.common.PopulatorItem>>'

com.gogwt.app.booking.dto.dataObjects.BaseBean
   Serialization status
      Field serializable
   Path
      'com.gogwt.app.booking.dto.dataObjects.BaseBean' is reachable as a supertype of type 'class com.gogwt.app.booking.dto.dataObjects.common.PopulatorItem'
      'com.gogwt.app.booking.dto.dataObjects.common.PopulatorItem' is reachable as a subtype of type 'class com.gogwt.app.booking.dto.dataObjects.common.PopulatorItem'
      'com.gogwt.app.booking.dto.dataObjects.common.PopulatorItem' is reachable from type argument 0 of type 'java.util.ArrayList<E>'
      'java.util.ArrayList<com.gogwt.app.booking.dto.dataObjects.common.PopulatorItem>' is reachable as a subtype of type 'interface java.util.List<com.gogwt.app.booking.dto.dataObjects.common.PopulatorItem>'
      'java.util.List<com.gogwt.app.booking.dto.dataObjects.common.PopulatorItem>' is reachable from type argument 1 of type 'java.util.HashMap<K, V>'
      'java.util.HashMap<java.lang.String, java.util.List<com.gogwt.app.booking.dto.dataObjects.common.PopulatorItem>>' is reachable as a subtype of type 'interface java.util.Map<java.lang.String, java.util.List<com.gogwt.app.booking.dto.dataObjects.common.PopulatorItem>>'
      Started from 'java.util.Map<java.lang.String, java.util.List<com.gogwt.app.booking.dto.dataObjects.common.PopulatorItem>>'

com.gogwt.app.booking.dto.dataObjects.common.PopulatorItem
   Serialization status
      Instantiable
   Path
      'com.gogwt.app.booking.dto.dataObjects.common.PopulatorItem' is reachable from type argument 0 of type 'java.util.ArrayList<E>'
      'java.util.ArrayList<com.gogwt.app.booking.dto.dataObjects.common.PopulatorItem>' is reachable as a subtype of type 'interface java.util.List<com.gogwt.app.booking.dto.dataObjects.common.PopulatorItem>'
      'java.util.List<com.gogwt.app.booking.dto.dataObjects.common.PopulatorItem>' is reachable from type argument 1 of type 'java.util.HashMap<K, V>'
      'java.util.HashMap<java.lang.String, java.util.List<com.gogwt.app.booking.dto.dataObjects.common.PopulatorItem>>' is reachable as a subtype of type 'interface java.util.Map<java.lang.String, java.util.List<com.gogwt.app.booking.dto.dataObjects.common.PopulatorItem>>'
      Started from 'java.util.Map<java.lang.String, java.util.List<com.gogwt.app.booking.dto.dataObjects.common.PopulatorItem>>'

com.gogwt.app.booking.dto.dataObjects.common.PopulatorItem[]
   Serialization status
      Instantiable
   Path
      'com.gogwt.app.booking.dto.dataObjects.common.PopulatorItem' is reachable from type argument 0 of type 'java.util.Arrays.ArrayList<E>'
      'java.util.Arrays.ArrayList<com.gogwt.app.booking.dto.dataObjects.common.PopulatorItem>' is reachable as a subtype of type 'interface java.util.List<com.gogwt.app.booking.dto.dataObjects.common.PopulatorItem>'
      'java.util.List<com.gogwt.app.booking.dto.dataObjects.common.PopulatorItem>' is reachable from type argument 1 of type 'java.util.HashMap<K, V>'
      'java.util.HashMap<java.lang.String, java.util.List<com.gogwt.app.booking.dto.dataObjects.common.PopulatorItem>>' is reachable as a subtype of type 'interface java.util.Map<java.lang.String, java.util.List<com.gogwt.app.booking.dto.dataObjects.common.PopulatorItem>>'
      Started from 'java.util.Map<java.lang.String, java.util.List<com.gogwt.app.booking.dto.dataObjects.common.PopulatorItem>>'

com.google.gwt.user.client.rpc.IncompatibleRemoteServiceException
   Serialization status
      Instantiable
   Path
      Started from 'com.google.gwt.user.client.rpc.IncompatibleRemoteServiceException'

int
   Serialization status
      Not serializable
   Path
      'int' is reachable from field 'size' of type 'java.util.ArrayList<E>'
      'java.util.ArrayList<com.gogwt.app.booking.dto.dataObjects.common.PopulatorItem>' is reachable as a subtype of type 'interface java.util.List<com.gogwt.app.booking.dto.dataObjects.common.PopulatorItem>'
      'java.util.List<com.gogwt.app.booking.dto.dataObjects.common.PopulatorItem>' is reachable from type argument 1 of type 'java.util.HashMap<K, V>'
      'java.util.HashMap<java.lang.String, java.util.List<com.gogwt.app.booking.dto.dataObjects.common.PopulatorItem>>' is reachable as a subtype of type 'interface java.util.Map<java.lang.String, java.util.List<com.gogwt.app.booking.dto.dataObjects.common.PopulatorItem>>'
      Started from 'java.util.Map<java.lang.String, java.util.List<com.gogwt.app.booking.dto.dataObjects.common.PopulatorItem>>'

java.lang.Exception
   Serialization status
      Field serializable
   Path
      'java.lang.Exception' is reachable as a supertype of type 'class java.lang.RuntimeException'
      'java.lang.RuntimeException' is reachable as a supertype of type 'class com.google.gwt.user.client.rpc.IncompatibleRemoteServiceException'
      'com.google.gwt.user.client.rpc.IncompatibleRemoteServiceException' is reachable as a subtype of type 'class com.google.gwt.user.client.rpc.IncompatibleRemoteServiceException'
      Started from 'com.google.gwt.user.client.rpc.IncompatibleRemoteServiceException'

java.lang.RuntimeException
   Serialization status
      Field serializable
   Path
      'java.lang.RuntimeException' is reachable as a supertype of type 'class com.google.gwt.user.client.rpc.IncompatibleRemoteServiceException'
      'com.google.gwt.user.client.rpc.IncompatibleRemoteServiceException' is reachable as a subtype of type 'class com.google.gwt.user.client.rpc.IncompatibleRemoteServiceException'
      Started from 'com.google.gwt.user.client.rpc.IncompatibleRemoteServiceException'

java.lang.String
   Serialization status
      Instantiable
   Path
      Started from 'java.lang.String'

java.lang.Throwable
   Serialization status
      Field serializable
   Path
      'java.lang.Throwable' is reachable as a supertype of type 'class java.lang.Exception'
      'java.lang.Exception' is reachable as a supertype of type 'class java.lang.RuntimeException'
      'java.lang.RuntimeException' is reachable as a supertype of type 'class com.google.gwt.user.client.rpc.IncompatibleRemoteServiceException'
      'com.google.gwt.user.client.rpc.IncompatibleRemoteServiceException' is reachable as a subtype of type 'class com.google.gwt.user.client.rpc.IncompatibleRemoteServiceException'
      Started from 'com.google.gwt.user.client.rpc.IncompatibleRemoteServiceException'

java.util.ArrayList<com.gogwt.app.booking.dto.dataObjects.common.PopulatorItem>
   Serialization status
      Instantiable
   Path
      'java.util.ArrayList<com.gogwt.app.booking.dto.dataObjects.common.PopulatorItem>' is reachable as a subtype of type 'interface java.util.List<com.gogwt.app.booking.dto.dataObjects.common.PopulatorItem>'
      'java.util.List<com.gogwt.app.booking.dto.dataObjects.common.PopulatorItem>' is reachable from type argument 1 of type 'java.util.HashMap<K, V>'
      'java.util.HashMap<java.lang.String, java.util.List<com.gogwt.app.booking.dto.dataObjects.common.PopulatorItem>>' is reachable as a subtype of type 'interface java.util.Map<java.lang.String, java.util.List<com.gogwt.app.booking.dto.dataObjects.common.PopulatorItem>>'
      Started from 'java.util.Map<java.lang.String, java.util.List<com.gogwt.app.booking.dto.dataObjects.common.PopulatorItem>>'

java.util.Arrays.ArrayList<com.gogwt.app.booking.dto.dataObjects.common.PopulatorItem>
   Serialization status
      Instantiable
   Path
      'java.util.Arrays.ArrayList<com.gogwt.app.booking.dto.dataObjects.common.PopulatorItem>' is reachable as a subtype of type 'interface java.util.List<com.gogwt.app.booking.dto.dataObjects.common.PopulatorItem>'
      'java.util.List<com.gogwt.app.booking.dto.dataObjects.common.PopulatorItem>' is reachable from type argument 1 of type 'java.util.HashMap<K, V>'
      'java.util.HashMap<java.lang.String, java.util.List<com.gogwt.app.booking.dto.dataObjects.common.PopulatorItem>>' is reachable as a subtype of type 'interface java.util.Map<java.lang.String, java.util.List<com.gogwt.app.booking.dto.dataObjects.common.PopulatorItem>>'
      Started from 'java.util.Map<java.lang.String, java.util.List<com.gogwt.app.booking.dto.dataObjects.common.PopulatorItem>>'

java.util.Comparator<? super K>
   Serialization status
      Not serializable
   Path
      'java.util.Comparator<? super K>' is reachable from field 'cmp' of type 'java.util.TreeMap<K, V>'
      'java.util.TreeMap<java.lang.String, java.util.List<com.gogwt.app.booking.dto.dataObjects.common.PopulatorItem>>' is reachable as a subtype of type 'interface java.util.Map<java.lang.String, java.util.List<com.gogwt.app.booking.dto.dataObjects.common.PopulatorItem>>'
      Started from 'java.util.Map<java.lang.String, java.util.List<com.gogwt.app.booking.dto.dataObjects.common.PopulatorItem>>'

java.util.HashMap<java.lang.String, java.util.List<com.gogwt.app.booking.dto.dataObjects.common.PopulatorItem>>
   Serialization status
      Instantiable
   Path
      'java.util.HashMap<java.lang.String, java.util.List<com.gogwt.app.booking.dto.dataObjects.common.PopulatorItem>>' is reachable as a subtype of type 'interface java.util.Map<java.lang.String, java.util.List<com.gogwt.app.booking.dto.dataObjects.common.PopulatorItem>>'
      Started from 'java.util.Map<java.lang.String, java.util.List<com.gogwt.app.booking.dto.dataObjects.common.PopulatorItem>>'

java.util.IdentityHashMap<java.lang.String, java.util.List<com.gogwt.app.booking.dto.dataObjects.common.PopulatorItem>>
   Serialization status
      Instantiable
   Path
      'java.util.IdentityHashMap<java.lang.String, java.util.List<com.gogwt.app.booking.dto.dataObjects.common.PopulatorItem>>' is reachable as a subtype of type 'interface java.util.Map<java.lang.String, java.util.List<com.gogwt.app.booking.dto.dataObjects.common.PopulatorItem>>'
      Started from 'java.util.Map<java.lang.String, java.util.List<com.gogwt.app.booking.dto.dataObjects.common.PopulatorItem>>'

java.util.LinkedHashMap<java.lang.String, java.util.List<com.gogwt.app.booking.dto.dataObjects.common.PopulatorItem>>
   Serialization status
      Instantiable
   Path
      'java.util.LinkedHashMap<java.lang.String, java.util.List<com.gogwt.app.booking.dto.dataObjects.common.PopulatorItem>>' is reachable as a subtype of type 'interface java.util.Map<java.lang.String, java.util.List<com.gogwt.app.booking.dto.dataObjects.common.PopulatorItem>>'
      Started from 'java.util.Map<java.lang.String, java.util.List<com.gogwt.app.booking.dto.dataObjects.common.PopulatorItem>>'

java.util.LinkedList<com.gogwt.app.booking.dto.dataObjects.common.PopulatorItem>
   Serialization status
      Instantiable
   Path
      'java.util.LinkedList<com.gogwt.app.booking.dto.dataObjects.common.PopulatorItem>' is reachable as a subtype of type 'interface java.util.List<com.gogwt.app.booking.dto.dataObjects.common.PopulatorItem>'
      'java.util.List<com.gogwt.app.booking.dto.dataObjects.common.PopulatorItem>' is reachable from type argument 1 of type 'java.util.HashMap<K, V>'
      'java.util.HashMap<java.lang.String, java.util.List<com.gogwt.app.booking.dto.dataObjects.common.PopulatorItem>>' is reachable as a subtype of type 'interface java.util.Map<java.lang.String, java.util.List<com.gogwt.app.booking.dto.dataObjects.common.PopulatorItem>>'
      Started from 'java.util.Map<java.lang.String, java.util.List<com.gogwt.app.booking.dto.dataObjects.common.PopulatorItem>>'

java.util.LinkedList.Node<E>
   Serialization status
      Not serializable
   Path
      'java.util.LinkedList.Node<E>' is reachable from field 'header' of type 'java.util.LinkedList<E>'
      'java.util.LinkedList<com.gogwt.app.booking.dto.dataObjects.common.PopulatorItem>' is reachable as a subtype of type 'interface java.util.List<com.gogwt.app.booking.dto.dataObjects.common.PopulatorItem>'
      'java.util.List<com.gogwt.app.booking.dto.dataObjects.common.PopulatorItem>' is reachable from type argument 1 of type 'java.util.HashMap<K, V>'
      'java.util.HashMap<java.lang.String, java.util.List<com.gogwt.app.booking.dto.dataObjects.common.PopulatorItem>>' is reachable as a subtype of type 'interface java.util.Map<java.lang.String, java.util.List<com.gogwt.app.booking.dto.dataObjects.common.PopulatorItem>>'
      Started from 'java.util.Map<java.lang.String, java.util.List<com.gogwt.app.booking.dto.dataObjects.common.PopulatorItem>>'

java.util.List<com.gogwt.app.booking.dto.dataObjects.common.PopulatorItem>
   Serialization status
      Not serializable
   Path
      'java.util.List<com.gogwt.app.booking.dto.dataObjects.common.PopulatorItem>' is reachable from type argument 1 of type 'java.util.HashMap<K, V>'
      'java.util.HashMap<java.lang.String, java.util.List<com.gogwt.app.booking.dto.dataObjects.common.PopulatorItem>>' is reachable as a subtype of type 'interface java.util.Map<java.lang.String, java.util.List<com.gogwt.app.booking.dto.dataObjects.common.PopulatorItem>>'
      Started from 'java.util.Map<java.lang.String, java.util.List<com.gogwt.app.booking.dto.dataObjects.common.PopulatorItem>>'

java.util.Map<java.lang.String, java.util.List<com.gogwt.app.booking.dto.dataObjects.common.PopulatorItem>>
   Serialization status
      Not serializable
   Path
      Started from 'java.util.Map<java.lang.String, java.util.List<com.gogwt.app.booking.dto.dataObjects.common.PopulatorItem>>'

java.util.Stack<com.gogwt.app.booking.dto.dataObjects.common.PopulatorItem>
   Serialization status
      Instantiable
   Path
      'java.util.Stack<com.gogwt.app.booking.dto.dataObjects.common.PopulatorItem>' is reachable as a subtype of type 'interface java.util.List<com.gogwt.app.booking.dto.dataObjects.common.PopulatorItem>'
      'java.util.List<com.gogwt.app.booking.dto.dataObjects.common.PopulatorItem>' is reachable from type argument 1 of type 'java.util.HashMap<K, V>'
      'java.util.HashMap<java.lang.String, java.util.List<com.gogwt.app.booking.dto.dataObjects.common.PopulatorItem>>' is reachable as a subtype of type 'interface java.util.Map<java.lang.String, java.util.List<com.gogwt.app.booking.dto.dataObjects.common.PopulatorItem>>'
      Started from 'java.util.Map<java.lang.String, java.util.List<com.gogwt.app.booking.dto.dataObjects.common.PopulatorItem>>'

java.util.TreeMap<java.lang.String, java.util.List<com.gogwt.app.booking.dto.dataObjects.common.PopulatorItem>>
   Serialization status
      Instantiable
   Path
      'java.util.TreeMap<java.lang.String, java.util.List<com.gogwt.app.booking.dto.dataObjects.common.PopulatorItem>>' is reachable as a subtype of type 'interface java.util.Map<java.lang.String, java.util.List<com.gogwt.app.booking.dto.dataObjects.common.PopulatorItem>>'
      Started from 'java.util.Map<java.lang.String, java.util.List<com.gogwt.app.booking.dto.dataObjects.common.PopulatorItem>>'

java.util.Vector<com.gogwt.app.booking.dto.dataObjects.common.PopulatorItem>
   Serialization status
      Instantiable
   Path
      'java.util.Vector<com.gogwt.app.booking.dto.dataObjects.common.PopulatorItem>' is reachable as a supertype of type 'class java.util.Stack<com.gogwt.app.booking.dto.dataObjects.common.PopulatorItem>'
      'java.util.Stack<com.gogwt.app.booking.dto.dataObjects.common.PopulatorItem>' is reachable as a subtype of type 'interface java.util.List<com.gogwt.app.booking.dto.dataObjects.common.PopulatorItem>'
      'java.util.List<com.gogwt.app.booking.dto.dataObjects.common.PopulatorItem>' is reachable from type argument 1 of type 'java.util.HashMap<K, V>'
      'java.util.HashMap<java.lang.String, java.util.List<com.gogwt.app.booking.dto.dataObjects.common.PopulatorItem>>' is reachable as a subtype of type 'interface java.util.Map<java.lang.String, java.util.List<com.gogwt.app.booking.dto.dataObjects.common.PopulatorItem>>'
      Started from 'java.util.Map<java.lang.String, java.util.List<com.gogwt.app.booking.dto.dataObjects.common.PopulatorItem>>'

